

Started GET "/v2/catalog" for 10.10.102.224 at 2013-12-20 16:09:24 +0800
Processing by V2::CatalogsController#show as JSON
Completed 200 OK in 2ms (Views: 0.5ms | ActiveRecord: 0.0ms)


Started PUT "/v2/service_instances/39d1e17b-7f97-4b3f-8925-81206b47f41b" for 10.10.102.224 at 2013-12-20 16:11:34 +0800
Processing by V2::ServiceInstancesController#update as JSON
  Parameters: {"service_id"=>"3101b971-1045-4816-a7ac-9ded2e028076", "plan_id"=>"2451fa22-df16-4c10-ba6e-1f682d3dcdc8", "organization_guid"=>"a3bf5487-d26d-44b8-84a8-87aef11acd9d", "space_guid"=>"7c191e91-40ba-4cce-ba6b-27c19939d6a4", "id"=>"39d1e17b-7f97-4b3f-8925-81206b47f41b"}
  [1m[36m (0.1ms)[0m  [1mselect count(*) from information_schema.SCHEMATA where schema_name LIKE 'cf_%'[0m
LocalJumpError: no block given (yield): select count(*) from information_schema.SCHEMATA where schema_name LIKE 'cf_%'
Completed 500 Internal Server Error in 26ms

ActiveRecord::StatementInvalid (LocalJumpError: no block given (yield): select count(*) from information_schema.SCHEMATA where schema_name LIKE 'cf_%'):
  app/models/service_instance.rb:20:in `get_number_of_existing_instances'
  app/controllers/v2/service_instances_controller.rb:5:in `update'


  Rendered /usr/local/lib/ruby/gems/1.9.1/gems/actionpack-4.0.0/lib/action_dispatch/middleware/templates/rescues/_source.erb (0.5ms)
  Rendered /usr/local/lib/ruby/gems/1.9.1/gems/actionpack-4.0.0/lib/action_dispatch/middleware/templates/rescues/_trace.erb (0.7ms)
  Rendered /usr/local/lib/ruby/gems/1.9.1/gems/actionpack-4.0.0/lib/action_dispatch/middleware/templates/rescues/_request_and_response.erb (0.6ms)
  Rendered /usr/local/lib/ruby/gems/1.9.1/gems/actionpack-4.0.0/lib/action_dispatch/middleware/templates/rescues/diagnostics.erb within rescues/layout (17.1ms)


Started PUT "/v2/service_instances/86b8b465-b36b-48e1-931e-c4762dc948dc" for 10.10.102.224 at 2013-12-20 16:27:49 +0800

SyntaxError (/home/xingyuchen/cf-cassandra-broker/app/controllers/v2/service_instances_controller.rb:28: syntax error, unexpected keyword_end, expecting $end):
  activesupport (4.0.0) lib/active_support/dependencies.rb:423:in `load'
  activesupport (4.0.0) lib/active_support/dependencies.rb:423:in `block in load_file'
  activesupport (4.0.0) lib/active_support/dependencies.rb:615:in `new_constants_in'
  activesupport (4.0.0) lib/active_support/dependencies.rb:422:in `load_file'
  activesupport (4.0.0) lib/active_support/dependencies.rb:323:in `require_or_load'
  activesupport (4.0.0) lib/active_support/dependencies.rb:462:in `load_missing_constant'
  activesupport (4.0.0) lib/active_support/dependencies.rb:183:in `const_missing'
  activesupport (4.0.0) lib/active_support/inflector/methods.rb:228:in `const_get'
  activesupport (4.0.0) lib/active_support/inflector/methods.rb:228:in `block in constantize'
  activesupport (4.0.0) lib/active_support/inflector/methods.rb:224:in `each'
  activesupport (4.0.0) lib/active_support/inflector/methods.rb:224:in `inject'
  activesupport (4.0.0) lib/active_support/inflector/methods.rb:224:in `constantize'
  activesupport (4.0.0) lib/active_support/dependencies.rb:534:in `get'
  activesupport (4.0.0) lib/active_support/dependencies.rb:565:in `constantize'
  actionpack (4.0.0) lib/action_dispatch/routing/route_set.rb:76:in `controller_reference'
  actionpack (4.0.0) lib/action_dispatch/routing/route_set.rb:66:in `controller'
  actionpack (4.0.0) lib/action_dispatch/routing/route_set.rb:44:in `call'
  actionpack (4.0.0) lib/action_dispatch/journey/router.rb:71:in `block in call'
  actionpack (4.0.0) lib/action_dispatch/journey/router.rb:59:in `each'
  actionpack (4.0.0) lib/action_dispatch/journey/router.rb:59:in `call'
  actionpack (4.0.0) lib/action_dispatch/routing/route_set.rb:655:in `call'
  rack (1.5.2) lib/rack/etag.rb:23:in `call'
  rack (1.5.2) lib/rack/conditionalget.rb:35:in `call'
  rack (1.5.2) lib/rack/head.rb:11:in `call'
  actionpack (4.0.0) lib/action_dispatch/middleware/params_parser.rb:27:in `call'
  activerecord (4.0.0) lib/active_record/query_cache.rb:36:in `call'
  activerecord (4.0.0) lib/active_record/connection_adapters/abstract/connection_pool.rb:626:in `call'
  actionpack (4.0.0) lib/action_dispatch/middleware/callbacks.rb:29:in `block in call'
  activesupport (4.0.0) lib/active_support/callbacks.rb:373:in `_run__1177843548479173323__call__callbacks'
  activesupport (4.0.0) lib/active_support/callbacks.rb:80:in `run_callbacks'
  actionpack (4.0.0) lib/action_dispatch/middleware/callbacks.rb:27:in `call'
  actionpack (4.0.0) lib/action_dispatch/middleware/reloader.rb:64:in `call'
  actionpack (4.0.0) lib/action_dispatch/middleware/remote_ip.rb:76:in `call'
  actionpack (4.0.0) lib/action_dispatch/middleware/debug_exceptions.rb:17:in `call'
  actionpack (4.0.0) lib/action_dispatch/middleware/show_exceptions.rb:30:in `call'
  railties (4.0.0) lib/rails/rack/logger.rb:38:in `call_app'
  railties (4.0.0) lib/rails/rack/logger.rb:21:in `block in call'
  activesupport (4.0.0) lib/active_support/tagged_logging.rb:67:in `block in tagged'
  activesupport (4.0.0) lib/active_support/tagged_logging.rb:25:in `tagged'
  activesupport (4.0.0) lib/active_support/tagged_logging.rb:67:in `tagged'
  railties (4.0.0) lib/rails/rack/logger.rb:21:in `call'
  actionpack (4.0.0) lib/action_dispatch/middleware/request_id.rb:21:in `call'
  rack (1.5.2) lib/rack/runtime.rb:17:in `call'
  activesupport (4.0.0) lib/active_support/cache/strategy/local_cache.rb:83:in `call'
  rack (1.5.2) lib/rack/lock.rb:17:in `call'
  actionpack (4.0.0) lib/action_dispatch/middleware/static.rb:64:in `call'
  railties (4.0.0) lib/rails/engine.rb:511:in `call'
  railties (4.0.0) lib/rails/application.rb:97:in `call'
  rack (1.5.2) lib/rack/lock.rb:17:in `call'
  rack (1.5.2) lib/rack/content_length.rb:14:in `call'
  rack (1.5.2) lib/rack/handler/webrick.rb:60:in `service'
  /usr/local/lib/ruby/1.9.1/webrick/httpserver.rb:138:in `service'
  /usr/local/lib/ruby/1.9.1/webrick/httpserver.rb:94:in `run'
  /usr/local/lib/ruby/1.9.1/webrick/server.rb:191:in `block in start_thread'


  Rendered /usr/local/lib/ruby/gems/1.9.1/gems/actionpack-4.0.0/lib/action_dispatch/middleware/templates/rescues/_source.erb (0.4ms)
  Rendered /usr/local/lib/ruby/gems/1.9.1/gems/actionpack-4.0.0/lib/action_dispatch/middleware/templates/rescues/_trace.erb (0.7ms)
  Rendered /usr/local/lib/ruby/gems/1.9.1/gems/actionpack-4.0.0/lib/action_dispatch/middleware/templates/rescues/_request_and_response.erb (0.9ms)
  Rendered /usr/local/lib/ruby/gems/1.9.1/gems/actionpack-4.0.0/lib/action_dispatch/middleware/templates/rescues/diagnostics.erb within rescues/layout (21.7ms)


Started PUT "/v2/service_instances/d6fa654b-aca4-449f-8ae8-8597db5aec62" for 10.10.102.224 at 2013-12-20 16:36:47 +0800
Processing by V2::ServiceInstancesController#update as JSON
  Parameters: {"service_id"=>"3101b971-1045-4816-a7ac-9ded2e028076", "plan_id"=>"2451fa22-df16-4c10-ba6e-1f682d3dcdc8", "organization_guid"=>"a3bf5487-d26d-44b8-84a8-87aef11acd9d", "space_guid"=>"7c191e91-40ba-4cce-ba6b-27c19939d6a4", "id"=>"d6fa654b-aca4-449f-8ae8-8597db5aec62"}
Completed 500 Internal Server Error in 22ms

NameError (undefined local variable or method `tables' for #<ActiveRecord::ConnectionAdapters::CassandraAdapter:0x007f3fac1238e0>):
  app/controllers/v2/service_instances_controller.rb:8:in `update'


  Rendered /usr/local/lib/ruby/gems/1.9.1/gems/actionpack-4.0.0/lib/action_dispatch/middleware/templates/rescues/_source.erb (0.4ms)
  Rendered /usr/local/lib/ruby/gems/1.9.1/gems/actionpack-4.0.0/lib/action_dispatch/middleware/templates/rescues/_trace.erb (0.6ms)
  Rendered /usr/local/lib/ruby/gems/1.9.1/gems/actionpack-4.0.0/lib/action_dispatch/middleware/templates/rescues/_request_and_response.erb (0.5ms)
  Rendered /usr/local/lib/ruby/gems/1.9.1/gems/actionpack-4.0.0/lib/action_dispatch/middleware/templates/rescues/diagnostics.erb within rescues/layout (7.0ms)


Started GET "/v2/catalog" for 10.10.102.224 at 2013-12-23 15:21:25 +0800

ActiveRecord::ConnectionNotEstablished (ActiveRecord::ConnectionNotEstablished):
  activerecord (4.0.0) lib/active_record/connection_adapters/abstract/connection_pool.rb:546:in `retrieve_connection'
  activerecord (4.0.0) lib/active_record/connection_handling.rb:79:in `retrieve_connection'
  activerecord (4.0.0) lib/active_record/connection_handling.rb:53:in `connection'
  activerecord (4.0.0) lib/active_record/query_cache.rb:51:in `restore_query_cache_settings'
  activerecord (4.0.0) lib/active_record/query_cache.rb:43:in `rescue in call'
  activerecord (4.0.0) lib/active_record/query_cache.rb:32:in `call'
  activerecord (4.0.0) lib/active_record/connection_adapters/abstract/connection_pool.rb:626:in `call'
  actionpack (4.0.0) lib/action_dispatch/middleware/callbacks.rb:29:in `block in call'
  activesupport (4.0.0) lib/active_support/callbacks.rb:373:in `_run__542891198255006982__call__callbacks'
  activesupport (4.0.0) lib/active_support/callbacks.rb:80:in `run_callbacks'
  actionpack (4.0.0) lib/action_dispatch/middleware/callbacks.rb:27:in `call'
  actionpack (4.0.0) lib/action_dispatch/middleware/reloader.rb:64:in `call'
  actionpack (4.0.0) lib/action_dispatch/middleware/remote_ip.rb:76:in `call'
  actionpack (4.0.0) lib/action_dispatch/middleware/debug_exceptions.rb:17:in `call'
  actionpack (4.0.0) lib/action_dispatch/middleware/show_exceptions.rb:30:in `call'
  railties (4.0.0) lib/rails/rack/logger.rb:38:in `call_app'
  railties (4.0.0) lib/rails/rack/logger.rb:21:in `block in call'
  activesupport (4.0.0) lib/active_support/tagged_logging.rb:67:in `block in tagged'
  activesupport (4.0.0) lib/active_support/tagged_logging.rb:25:in `tagged'
  activesupport (4.0.0) lib/active_support/tagged_logging.rb:67:in `tagged'
  railties (4.0.0) lib/rails/rack/logger.rb:21:in `call'
  actionpack (4.0.0) lib/action_dispatch/middleware/request_id.rb:21:in `call'
  rack (1.5.2) lib/rack/runtime.rb:17:in `call'
  activesupport (4.0.0) lib/active_support/cache/strategy/local_cache.rb:83:in `call'
  rack (1.5.2) lib/rack/lock.rb:17:in `call'
  actionpack (4.0.0) lib/action_dispatch/middleware/static.rb:64:in `call'
  railties (4.0.0) lib/rails/engine.rb:511:in `call'
  railties (4.0.0) lib/rails/application.rb:97:in `call'
  rack (1.5.2) lib/rack/lock.rb:17:in `call'
  rack (1.5.2) lib/rack/content_length.rb:14:in `call'
  rack (1.5.2) lib/rack/handler/webrick.rb:60:in `service'
  /usr/local/lib/ruby/1.9.1/webrick/httpserver.rb:138:in `service'
  /usr/local/lib/ruby/1.9.1/webrick/httpserver.rb:94:in `run'
  /usr/local/lib/ruby/1.9.1/webrick/server.rb:191:in `block in start_thread'


  Rendered /usr/local/lib/ruby/gems/1.9.1/gems/actionpack-4.0.0/lib/action_dispatch/middleware/templates/rescues/_source.erb (0.4ms)
  Rendered /usr/local/lib/ruby/gems/1.9.1/gems/actionpack-4.0.0/lib/action_dispatch/middleware/templates/rescues/_trace.erb (0.7ms)
  Rendered /usr/local/lib/ruby/gems/1.9.1/gems/actionpack-4.0.0/lib/action_dispatch/middleware/templates/rescues/_request_and_response.erb (0.6ms)
  Rendered /usr/local/lib/ruby/gems/1.9.1/gems/actionpack-4.0.0/lib/action_dispatch/middleware/templates/rescues/diagnostics.erb within rescues/layout (29.6ms)


Started GET "/v2/catalog" for 10.10.102.224 at 2013-12-23 15:22:37 +0800

ActiveRecord::ConnectionNotEstablished (ActiveRecord::ConnectionNotEstablished):
  activerecord (4.0.0) lib/active_record/connection_adapters/abstract/connection_pool.rb:546:in `retrieve_connection'
  activerecord (4.0.0) lib/active_record/connection_handling.rb:79:in `retrieve_connection'
  activerecord (4.0.0) lib/active_record/connection_handling.rb:53:in `connection'
  activerecord (4.0.0) lib/active_record/query_cache.rb:51:in `restore_query_cache_settings'
  activerecord (4.0.0) lib/active_record/query_cache.rb:43:in `rescue in call'
  activerecord (4.0.0) lib/active_record/query_cache.rb:32:in `call'
  activerecord (4.0.0) lib/active_record/connection_adapters/abstract/connection_pool.rb:626:in `call'
  actionpack (4.0.0) lib/action_dispatch/middleware/callbacks.rb:29:in `block in call'
  activesupport (4.0.0) lib/active_support/callbacks.rb:373:in `_run__542891198255006982__call__callbacks'
  activesupport (4.0.0) lib/active_support/callbacks.rb:80:in `run_callbacks'
  actionpack (4.0.0) lib/action_dispatch/middleware/callbacks.rb:27:in `call'
  actionpack (4.0.0) lib/action_dispatch/middleware/reloader.rb:64:in `call'
  actionpack (4.0.0) lib/action_dispatch/middleware/remote_ip.rb:76:in `call'
  actionpack (4.0.0) lib/action_dispatch/middleware/debug_exceptions.rb:17:in `call'
  actionpack (4.0.0) lib/action_dispatch/middleware/show_exceptions.rb:30:in `call'
  railties (4.0.0) lib/rails/rack/logger.rb:38:in `call_app'
  railties (4.0.0) lib/rails/rack/logger.rb:21:in `block in call'
  activesupport (4.0.0) lib/active_support/tagged_logging.rb:67:in `block in tagged'
  activesupport (4.0.0) lib/active_support/tagged_logging.rb:25:in `tagged'
  activesupport (4.0.0) lib/active_support/tagged_logging.rb:67:in `tagged'
  railties (4.0.0) lib/rails/rack/logger.rb:21:in `call'
  actionpack (4.0.0) lib/action_dispatch/middleware/request_id.rb:21:in `call'
  rack (1.5.2) lib/rack/runtime.rb:17:in `call'
  activesupport (4.0.0) lib/active_support/cache/strategy/local_cache.rb:83:in `call'
  rack (1.5.2) lib/rack/lock.rb:17:in `call'
  actionpack (4.0.0) lib/action_dispatch/middleware/static.rb:64:in `call'
  railties (4.0.0) lib/rails/engine.rb:511:in `call'
  railties (4.0.0) lib/rails/application.rb:97:in `call'
  rack (1.5.2) lib/rack/lock.rb:17:in `call'
  rack (1.5.2) lib/rack/content_length.rb:14:in `call'
  rack (1.5.2) lib/rack/handler/webrick.rb:60:in `service'
  /usr/local/lib/ruby/1.9.1/webrick/httpserver.rb:138:in `service'
  /usr/local/lib/ruby/1.9.1/webrick/httpserver.rb:94:in `run'
  /usr/local/lib/ruby/1.9.1/webrick/server.rb:191:in `block in start_thread'


  Rendered /usr/local/lib/ruby/gems/1.9.1/gems/actionpack-4.0.0/lib/action_dispatch/middleware/templates/rescues/_source.erb (0.5ms)
  Rendered /usr/local/lib/ruby/gems/1.9.1/gems/actionpack-4.0.0/lib/action_dispatch/middleware/templates/rescues/_trace.erb (0.7ms)
  Rendered /usr/local/lib/ruby/gems/1.9.1/gems/actionpack-4.0.0/lib/action_dispatch/middleware/templates/rescues/_request_and_response.erb (0.6ms)
  Rendered /usr/local/lib/ruby/gems/1.9.1/gems/actionpack-4.0.0/lib/action_dispatch/middleware/templates/rescues/diagnostics.erb within rescues/layout (8.5ms)


Started GET "/v2/catalog" for 10.10.102.224 at 2013-12-23 16:28:35 +0800

ActiveRecord::ConnectionNotEstablished (ActiveRecord::ConnectionNotEstablished):
  activerecord (4.0.0) lib/active_record/connection_adapters/abstract/connection_pool.rb:546:in `retrieve_connection'
  activerecord (4.0.0) lib/active_record/connection_handling.rb:79:in `retrieve_connection'
  activerecord (4.0.0) lib/active_record/connection_handling.rb:53:in `connection'
  activerecord (4.0.0) lib/active_record/query_cache.rb:51:in `restore_query_cache_settings'
  activerecord (4.0.0) lib/active_record/query_cache.rb:43:in `rescue in call'
  activerecord (4.0.0) lib/active_record/query_cache.rb:32:in `call'
  activerecord (4.0.0) lib/active_record/connection_adapters/abstract/connection_pool.rb:626:in `call'
  actionpack (4.0.0) lib/action_dispatch/middleware/callbacks.rb:29:in `block in call'
  activesupport (4.0.0) lib/active_support/callbacks.rb:373:in `_run__4402123003343745586__call__callbacks'
  activesupport (4.0.0) lib/active_support/callbacks.rb:80:in `run_callbacks'
  actionpack (4.0.0) lib/action_dispatch/middleware/callbacks.rb:27:in `call'
  actionpack (4.0.0) lib/action_dispatch/middleware/reloader.rb:64:in `call'
  actionpack (4.0.0) lib/action_dispatch/middleware/remote_ip.rb:76:in `call'
  actionpack (4.0.0) lib/action_dispatch/middleware/debug_exceptions.rb:17:in `call'
  actionpack (4.0.0) lib/action_dispatch/middleware/show_exceptions.rb:30:in `call'
  railties (4.0.0) lib/rails/rack/logger.rb:38:in `call_app'
  railties (4.0.0) lib/rails/rack/logger.rb:21:in `block in call'
  activesupport (4.0.0) lib/active_support/tagged_logging.rb:67:in `block in tagged'
  activesupport (4.0.0) lib/active_support/tagged_logging.rb:25:in `tagged'
  activesupport (4.0.0) lib/active_support/tagged_logging.rb:67:in `tagged'
  railties (4.0.0) lib/rails/rack/logger.rb:21:in `call'
  actionpack (4.0.0) lib/action_dispatch/middleware/request_id.rb:21:in `call'
  rack (1.5.2) lib/rack/runtime.rb:17:in `call'
  activesupport (4.0.0) lib/active_support/cache/strategy/local_cache.rb:83:in `call'
  rack (1.5.2) lib/rack/lock.rb:17:in `call'
  actionpack (4.0.0) lib/action_dispatch/middleware/static.rb:64:in `call'
  railties (4.0.0) lib/rails/engine.rb:511:in `call'
  railties (4.0.0) lib/rails/application.rb:97:in `call'
  rack (1.5.2) lib/rack/lock.rb:17:in `call'
  rack (1.5.2) lib/rack/content_length.rb:14:in `call'
  rack (1.5.2) lib/rack/handler/webrick.rb:60:in `service'
  /usr/local/lib/ruby/1.9.1/webrick/httpserver.rb:138:in `service'
  /usr/local/lib/ruby/1.9.1/webrick/httpserver.rb:94:in `run'
  /usr/local/lib/ruby/1.9.1/webrick/server.rb:191:in `block in start_thread'


  Rendered /usr/local/lib/ruby/gems/1.9.1/gems/actionpack-4.0.0/lib/action_dispatch/middleware/templates/rescues/_source.erb (0.3ms)
  Rendered /usr/local/lib/ruby/gems/1.9.1/gems/actionpack-4.0.0/lib/action_dispatch/middleware/templates/rescues/_trace.erb (0.7ms)
  Rendered /usr/local/lib/ruby/gems/1.9.1/gems/actionpack-4.0.0/lib/action_dispatch/middleware/templates/rescues/_request_and_response.erb (0.5ms)
  Rendered /usr/local/lib/ruby/gems/1.9.1/gems/actionpack-4.0.0/lib/action_dispatch/middleware/templates/rescues/diagnostics.erb within rescues/layout (7.7ms)


Started GET "/v2/catalog" for 10.10.102.224 at 2013-12-23 16:31:37 +0800
Processing by V2::CatalogsController#show as JSON
Completed 200 OK in 2ms (Views: 0.4ms)


Started PUT "/v2/service_instances/0df45104-aa19-42d1-bef2-c6ed9b8d6913" for 10.10.102.224 at 2013-12-23 16:33:22 +0800
Processing by V2::ServiceInstancesController#update as JSON
  Parameters: {"service_id"=>"3101b971-1045-4816-a7ac-9ded2e028076", "plan_id"=>"2451fa22-df16-4c10-ba6e-1f682d3dcdc8", "organization_guid"=>"a3bf5487-d26d-44b8-84a8-87aef11acd9d", "space_guid"=>"7c191e91-40ba-4cce-ba6b-27c19939d6a4", "id"=>"0df45104-aa19-42d1-bef2-c6ed9b8d6913"}
Completed 500 Internal Server Error in 332ms

ArgumentError (wrong number of arguments (1 for 0)):
  app/models/service_instance.rb:8:in `initialize'
  app/controllers/v2/service_instances_controller.rb:8:in `new'
  app/controllers/v2/service_instances_controller.rb:8:in `update'


  Rendered /usr/local/lib/ruby/gems/1.9.1/gems/actionpack-4.0.0/lib/action_dispatch/middleware/templates/rescues/_source.erb (0.6ms)
  Rendered /usr/local/lib/ruby/gems/1.9.1/gems/actionpack-4.0.0/lib/action_dispatch/middleware/templates/rescues/_trace.erb (0.8ms)
  Rendered /usr/local/lib/ruby/gems/1.9.1/gems/actionpack-4.0.0/lib/action_dispatch/middleware/templates/rescues/_request_and_response.erb (0.6ms)
  Rendered /usr/local/lib/ruby/gems/1.9.1/gems/actionpack-4.0.0/lib/action_dispatch/middleware/templates/rescues/diagnostics.erb within rescues/layout (20.2ms)


Started GET "/v2/catalog" for 10.10.102.224 at 2013-12-23 16:35:16 +0800
Processing by V2::CatalogsController#show as JSON
Completed 200 OK in 2ms (Views: 0.4ms)


Started PUT "/v2/service_instances/064f11ee-2aee-47ff-b937-b6184454dffa" for 10.10.102.224 at 2013-12-23 16:35:26 +0800
Processing by V2::ServiceInstancesController#update as JSON
  Parameters: {"service_id"=>"3101b971-1045-4816-a7ac-9ded2e028076", "plan_id"=>"2451fa22-df16-4c10-ba6e-1f682d3dcdc8", "organization_guid"=>"a3bf5487-d26d-44b8-84a8-87aef11acd9d", "space_guid"=>"7c191e91-40ba-4cce-ba6b-27c19939d6a4", "id"=>"064f11ee-2aee-47ff-b937-b6184454dffa"}
Completed 500 Internal Server Error in 670ms

NoMethodError (undefined method `gsub' for {:id=>"064f11ee-2aee-47ff-b937-b6184454dffa"}:Hash):
  app/models/service_instance.rb:44:in `keyspaceName'
  app/models/service_instance.rb:52:in `save'
  app/controllers/v2/service_instances_controller.rb:9:in `update'


  Rendered /usr/local/lib/ruby/gems/1.9.1/gems/actionpack-4.0.0/lib/action_dispatch/middleware/templates/rescues/_source.erb (0.4ms)
  Rendered /usr/local/lib/ruby/gems/1.9.1/gems/actionpack-4.0.0/lib/action_dispatch/middleware/templates/rescues/_trace.erb (0.7ms)
  Rendered /usr/local/lib/ruby/gems/1.9.1/gems/actionpack-4.0.0/lib/action_dispatch/middleware/templates/rescues/_request_and_response.erb (0.5ms)
  Rendered /usr/local/lib/ruby/gems/1.9.1/gems/actionpack-4.0.0/lib/action_dispatch/middleware/templates/rescues/diagnostics.erb within rescues/layout (7.5ms)


Started GET "/v2/catalog" for 10.10.102.224 at 2013-12-23 16:40:16 +0800
Processing by V2::CatalogsController#show as JSON
Completed 200 OK in 2ms (Views: 0.4ms)


Started PUT "/v2/service_instances/c00ea8e1-ac54-4fd1-a598-1bf396dd8db0" for 10.10.102.224 at 2013-12-23 16:40:31 +0800
Processing by V2::ServiceInstancesController#update as JSON
  Parameters: {"service_id"=>"3101b971-1045-4816-a7ac-9ded2e028076", "plan_id"=>"2451fa22-df16-4c10-ba6e-1f682d3dcdc8", "organization_guid"=>"a3bf5487-d26d-44b8-84a8-87aef11acd9d", "space_guid"=>"7c191e91-40ba-4cce-ba6b-27c19939d6a4", "id"=>"c00ea8e1-ac54-4fd1-a598-1bf396dd8db0"}
Completed 500 Internal Server Error in 645ms

NoMethodError (undefined method `gsub' for {:id=>"c00ea8e1-ac54-4fd1-a598-1bf396dd8db0"}:Hash):
  app/models/service_instance.rb:44:in `keyspaceName'
  app/models/service_instance.rb:52:in `save'
  app/controllers/v2/service_instances_controller.rb:9:in `update'


  Rendered /usr/local/lib/ruby/gems/1.9.1/gems/actionpack-4.0.0/lib/action_dispatch/middleware/templates/rescues/_source.erb (0.4ms)
  Rendered /usr/local/lib/ruby/gems/1.9.1/gems/actionpack-4.0.0/lib/action_dispatch/middleware/templates/rescues/_trace.erb (0.7ms)
  Rendered /usr/local/lib/ruby/gems/1.9.1/gems/actionpack-4.0.0/lib/action_dispatch/middleware/templates/rescues/_request_and_response.erb (0.6ms)
  Rendered /usr/local/lib/ruby/gems/1.9.1/gems/actionpack-4.0.0/lib/action_dispatch/middleware/templates/rescues/diagnostics.erb within rescues/layout (7.9ms)


Started GET "/v2/catalog" for 10.10.102.224 at 2013-12-23 16:42:45 +0800
Processing by V2::CatalogsController#show as JSON
Completed 200 OK in 2ms (Views: 0.4ms)


Started GET "/v2/catalog" for 10.10.102.224 at 2013-12-23 16:42:50 +0800
Processing by V2::CatalogsController#show as JSON
Completed 200 OK in 1ms (Views: 0.7ms)


Started PUT "/v2/service_instances/139d1430-9f4e-47a7-a126-1ed44c73ce69" for 10.10.102.224 at 2013-12-23 16:42:59 +0800
Processing by V2::ServiceInstancesController#update as JSON
  Parameters: {"service_id"=>"3101b971-1045-4816-a7ac-9ded2e028076", "plan_id"=>"2451fa22-df16-4c10-ba6e-1f682d3dcdc8", "organization_guid"=>"a3bf5487-d26d-44b8-84a8-87aef11acd9d", "space_guid"=>"7c191e91-40ba-4cce-ba6b-27c19939d6a4", "id"=>"139d1430-9f4e-47a7-a126-1ed44c73ce69"}
Completed 500 Internal Server Error in 625ms

NoMethodError (undefined method `gsub' for {:id=>"139d1430-9f4e-47a7-a126-1ed44c73ce69"}:Hash):
  app/models/service_instance.rb:44:in `keyspaceName'
  app/models/service_instance.rb:52:in `save'
  app/controllers/v2/service_instances_controller.rb:9:in `update'


  Rendered /usr/local/lib/ruby/gems/1.9.1/gems/actionpack-4.0.0/lib/action_dispatch/middleware/templates/rescues/_source.erb (0.4ms)
  Rendered /usr/local/lib/ruby/gems/1.9.1/gems/actionpack-4.0.0/lib/action_dispatch/middleware/templates/rescues/_trace.erb (0.7ms)
  Rendered /usr/local/lib/ruby/gems/1.9.1/gems/actionpack-4.0.0/lib/action_dispatch/middleware/templates/rescues/_request_and_response.erb (0.6ms)
  Rendered /usr/local/lib/ruby/gems/1.9.1/gems/actionpack-4.0.0/lib/action_dispatch/middleware/templates/rescues/diagnostics.erb within rescues/layout (7.6ms)


Started GET "/v2/catalog" for 10.10.102.224 at 2013-12-23 16:43:41 +0800
Processing by V2::CatalogsController#show as JSON
Completed 200 OK in 2ms (Views: 0.4ms)


Started PUT "/v2/service_instances/656e73e8-26d4-4773-b7e8-c2c858d0e87f" for 10.10.102.224 at 2013-12-23 16:43:49 +0800
Processing by V2::ServiceInstancesController#update as JSON
  Parameters: {"service_id"=>"3101b971-1045-4816-a7ac-9ded2e028076", "plan_id"=>"2451fa22-df16-4c10-ba6e-1f682d3dcdc8", "organization_guid"=>"a3bf5487-d26d-44b8-84a8-87aef11acd9d", "space_guid"=>"7c191e91-40ba-4cce-ba6b-27c19939d6a4", "id"=>"656e73e8-26d4-4773-b7e8-c2c858d0e87f"}
Completed 500 Internal Server Error in 632ms

Cql::QueryError (line 1:56 no viable alternative at character '`'):
  app/models/service_instance.rb:52:in `save'
  app/controllers/v2/service_instances_controller.rb:9:in `update'


  Rendered /usr/local/lib/ruby/gems/1.9.1/gems/actionpack-4.0.0/lib/action_dispatch/middleware/templates/rescues/_source.erb (0.4ms)
  Rendered /usr/local/lib/ruby/gems/1.9.1/gems/actionpack-4.0.0/lib/action_dispatch/middleware/templates/rescues/_trace.erb (0.7ms)
  Rendered /usr/local/lib/ruby/gems/1.9.1/gems/actionpack-4.0.0/lib/action_dispatch/middleware/templates/rescues/_request_and_response.erb (0.6ms)
  Rendered /usr/local/lib/ruby/gems/1.9.1/gems/actionpack-4.0.0/lib/action_dispatch/middleware/templates/rescues/diagnostics.erb within rescues/layout (7.7ms)


Started PUT "/v2/service_instances/e3062a5e-54fc-4a9e-a1b0-063dd4126cdc" for 10.10.102.224 at 2013-12-23 16:45:57 +0800
Processing by V2::ServiceInstancesController#update as JSON
  Parameters: {"service_id"=>"3101b971-1045-4816-a7ac-9ded2e028076", "plan_id"=>"2451fa22-df16-4c10-ba6e-1f682d3dcdc8", "organization_guid"=>"a3bf5487-d26d-44b8-84a8-87aef11acd9d", "space_guid"=>"7c191e91-40ba-4cce-ba6b-27c19939d6a4", "id"=>"e3062a5e-54fc-4a9e-a1b0-063dd4126cdc"}
Completed 500 Internal Server Error in 620ms

Cql::QueryError (line 1:16 no viable alternative at input 'cf_e3062a5e_54fc_4a9e_a1b0_063dd4126cdc'):
  app/models/service_instance.rb:52:in `save'
  app/controllers/v2/service_instances_controller.rb:9:in `update'


  Rendered /usr/local/lib/ruby/gems/1.9.1/gems/actionpack-4.0.0/lib/action_dispatch/middleware/templates/rescues/_source.erb (0.5ms)
  Rendered /usr/local/lib/ruby/gems/1.9.1/gems/actionpack-4.0.0/lib/action_dispatch/middleware/templates/rescues/_trace.erb (0.7ms)
  Rendered /usr/local/lib/ruby/gems/1.9.1/gems/actionpack-4.0.0/lib/action_dispatch/middleware/templates/rescues/_request_and_response.erb (0.7ms)
  Rendered /usr/local/lib/ruby/gems/1.9.1/gems/actionpack-4.0.0/lib/action_dispatch/middleware/templates/rescues/diagnostics.erb within rescues/layout (8.0ms)


Started PUT "/v2/service_instances/a640eac0-13e9-4fd8-9ecf-e305418c7d5b" for 10.10.102.224 at 2013-12-23 16:48:59 +0800
Processing by V2::ServiceInstancesController#update as JSON
  Parameters: {"service_id"=>"3101b971-1045-4816-a7ac-9ded2e028076", "plan_id"=>"2451fa22-df16-4c10-ba6e-1f682d3dcdc8", "organization_guid"=>"a3bf5487-d26d-44b8-84a8-87aef11acd9d", "space_guid"=>"7c191e91-40ba-4cce-ba6b-27c19939d6a4", "id"=>"a640eac0-13e9-4fd8-9ecf-e305418c7d5b"}
Completed 201 Created in 690ms (Views: 0.2ms)


Started DELETE "/v2/service_instances/a640eac0-13e9-4fd8-9ecf-e305418c7d5b?plan_id=2451fa22-df16-4c10-ba6e-1f682d3dcdc8&service_id=3101b971-1045-4816-a7ac-9ded2e028076" for 10.10.102.224 at 2013-12-23 16:50:22 +0800
Processing by V2::ServiceInstancesController#destroy as JSON
  Parameters: {"plan_id"=>"2451fa22-df16-4c10-ba6e-1f682d3dcdc8", "service_id"=>"3101b971-1045-4816-a7ac-9ded2e028076", "id"=>"a640eac0-13e9-4fd8-9ecf-e305418c7d5b"}
Completed 500 Internal Server Error in 0ms

NoMethodError (undefined method `find_by_id' for ServiceInstance:Class):
  app/controllers/v2/service_instances_controller.rb:19:in `destroy'


  Rendered /usr/local/lib/ruby/gems/1.9.1/gems/actionpack-4.0.0/lib/action_dispatch/middleware/templates/rescues/_source.erb (0.4ms)
  Rendered /usr/local/lib/ruby/gems/1.9.1/gems/actionpack-4.0.0/lib/action_dispatch/middleware/templates/rescues/_trace.erb (0.7ms)
  Rendered /usr/local/lib/ruby/gems/1.9.1/gems/actionpack-4.0.0/lib/action_dispatch/middleware/templates/rescues/_request_and_response.erb (0.6ms)
  Rendered /usr/local/lib/ruby/gems/1.9.1/gems/actionpack-4.0.0/lib/action_dispatch/middleware/templates/rescues/diagnostics.erb within rescues/layout (7.6ms)


Started DELETE "/v2/service_instances/a640eac0-13e9-4fd8-9ecf-e305418c7d5b?plan_id=2451fa22-df16-4c10-ba6e-1f682d3dcdc8&service_id=3101b971-1045-4816-a7ac-9ded2e028076" for 10.10.102.224 at 2013-12-23 17:06:17 +0800
Processing by V2::ServiceInstancesController#destroy as JSON
  Parameters: {"plan_id"=>"2451fa22-df16-4c10-ba6e-1f682d3dcdc8", "service_id"=>"3101b971-1045-4816-a7ac-9ded2e028076", "id"=>"a640eac0-13e9-4fd8-9ecf-e305418c7d5b"}
Completed 500 Internal Server Error in 59ms

NameError (undefined local variable or method `id' for ServiceInstance:Class):
  app/models/service_instance.rb:19:in `<class:ServiceInstance>'
  app/models/service_instance.rb:3:in `<top (required)>'
  app/controllers/v2/service_instances_controller.rb:19:in `destroy'


  Rendered /usr/local/lib/ruby/gems/1.9.1/gems/actionpack-4.0.0/lib/action_dispatch/middleware/templates/rescues/_source.erb (0.4ms)
  Rendered /usr/local/lib/ruby/gems/1.9.1/gems/actionpack-4.0.0/lib/action_dispatch/middleware/templates/rescues/_trace.erb (0.9ms)
  Rendered /usr/local/lib/ruby/gems/1.9.1/gems/actionpack-4.0.0/lib/action_dispatch/middleware/templates/rescues/_request_and_response.erb (11.0ms)
  Rendered /usr/local/lib/ruby/gems/1.9.1/gems/actionpack-4.0.0/lib/action_dispatch/middleware/templates/rescues/diagnostics.erb within rescues/layout (18.9ms)


Started DELETE "/v2/service_instances/a640eac0-13e9-4fd8-9ecf-e305418c7d5b?plan_id=2451fa22-df16-4c10-ba6e-1f682d3dcdc8&service_id=3101b971-1045-4816-a7ac-9ded2e028076" for 10.10.102.224 at 2013-12-23 17:07:51 +0800
Processing by V2::ServiceInstancesController#destroy as JSON
  Parameters: {"plan_id"=>"2451fa22-df16-4c10-ba6e-1f682d3dcdc8", "service_id"=>"3101b971-1045-4816-a7ac-9ded2e028076", "id"=>"a640eac0-13e9-4fd8-9ecf-e305418c7d5b"}
Completed 500 Internal Server Error in 629ms

Cql::QueryError (line 1:56 mismatched character '<EOF>' expecting '''):
  app/models/service_instance.rb:54:in `destroy'
  app/controllers/v2/service_instances_controller.rb:20:in `destroy'


  Rendered /usr/local/lib/ruby/gems/1.9.1/gems/actionpack-4.0.0/lib/action_dispatch/middleware/templates/rescues/_source.erb (0.7ms)
  Rendered /usr/local/lib/ruby/gems/1.9.1/gems/actionpack-4.0.0/lib/action_dispatch/middleware/templates/rescues/_trace.erb (0.7ms)
  Rendered /usr/local/lib/ruby/gems/1.9.1/gems/actionpack-4.0.0/lib/action_dispatch/middleware/templates/rescues/_request_and_response.erb (0.6ms)
  Rendered /usr/local/lib/ruby/gems/1.9.1/gems/actionpack-4.0.0/lib/action_dispatch/middleware/templates/rescues/diagnostics.erb within rescues/layout (8.6ms)


Started DELETE "/v2/service_instances/a640eac0-13e9-4fd8-9ecf-e305418c7d5b?plan_id=2451fa22-df16-4c10-ba6e-1f682d3dcdc8&service_id=3101b971-1045-4816-a7ac-9ded2e028076" for 10.10.102.224 at 2013-12-23 17:08:25 +0800
Processing by V2::ServiceInstancesController#destroy as JSON
  Parameters: {"plan_id"=>"2451fa22-df16-4c10-ba6e-1f682d3dcdc8", "service_id"=>"3101b971-1045-4816-a7ac-9ded2e028076", "id"=>"a640eac0-13e9-4fd8-9ecf-e305418c7d5b"}
Completed 200 OK in 861ms (Views: 0.2ms)
